2026-01-15T11:49:29+01:00 - Exception: Route not found for GET /assets/js/menu.js
2026-01-15T11:49:29+01:00 - Exception: Route not found for GET /assets/css/style.css
2026-01-15T11:49:36+01:00 - Exception: Route not found for GET /assets/css/style.css
2026-01-15T11:49:36+01:00 - Exception: Route not found for GET /assets/js/menu.js
2026-01-15T11:49:43+01:00 - Exception: Route not found for GET /assets/css/style.css
2026-01-15T11:49:43+01:00 - Exception: Route not found for GET /assets/js/menu.js
2026-01-15T11:49:44+01:00 - Exception: Route not found for GET /assets/css/style.css
2026-01-15T11:49:44+01:00 - Exception: Route not found for GET /assets/js/menu.js
2026-01-15T11:49:50+01:00 - Exception: Route not found for GET /assets/css/style.css
2026-01-15T11:49:50+01:00 - Exception: Route not found for GET /assets/js/menu.js
2026-01-16T09:27:38+01:00 - Exception: Route not found for GET /
2026-01-16T09:27:44+01:00 - Exception: Route not found for GET /login
2026-01-16T09:28:12+01:00 - Exception: Error de conexión a la base de datos.
2026-01-16T12:01:03+01:00 - Exception: Call to undefined method Core\Router::dpatch()
2026-01-16T12:01:21+01:00 - Exception: Call to undefined method Core\Router::dpatch()
2026-01-16T12:01:29+01:00 - Exception: Call to undefined method Core\Router::dpatch()
2026-01-19T09:49:47+01:00 - Exception: Call to undefined method Core\Router::dpatch()
2026-01-20T09:11:26+01:00 - Exception: Route not found for GET /favicon.ico
2026-01-20T09:11:27+01:00 - Exception: Route not found for GET /favicon.ico
2026-01-20T09:11:29+01:00 - Exception: Route not found for GET /public/edificios
2026-01-20T09:11:48+01:00 - Exception: Route not found for GET /public/edificios
2026-01-20T09:11:49+01:00 - Exception: Route not found for GET /public/edificios
2026-01-20T09:11:49+01:00 - Exception: Route not found for GET /public/edificios
2026-01-20T09:11:53+01:00 - Exception: Route not found for GET /favicon.ico
2026-01-20T09:11:53+01:00 - Exception: Route not found for GET /public/edificios
2026-01-20T09:11:54+01:00 - Exception: Route not found for GET /public/edificios
2026-01-20T09:11:54+01:00 - Exception: Route not found for GET /favicon.ico
2026-01-20T09:11:54+01:00 - Exception: Route not found for GET /public/edificios
2026-01-20T09:11:55+01:00 - Exception: Route not found for GET /public/edificios
2026-01-20T09:11:55+01:00 - Exception: Route not found for GET /public/edificios
2026-01-20T09:11:55+01:00 - Exception: Route not found for GET /public/edificios
2026-01-20T09:11:55+01:00 - Exception: Route not found for GET /public/edificios
2026-01-20T09:11:55+01:00 - Exception: Route not found for GET /public/edificios
2026-01-20T09:11:56+01:00 - Exception: Route not found for GET /public/edificios
2026-01-20T09:12:01+01:00 - Exception: Route not found for GET /favicon.ico
2026-01-20T09:12:02+01:00 - Exception: Route not found for GET /favicon.ico
2026-01-20T09:12:03+01:00 - Exception: Route not found for GET /favicon.ico
2026-01-20T09:12:03+01:00 - Exception: Route not found for GET /favicon.ico
2026-01-20T09:12:04+01:00 - Exception: Route not found for GET /favicon.ico
2026-01-20T09:13:46+01:00 - Exception: Route not found for GET /public/edificios
2026-01-20T09:13:47+01:00 - Exception: Route not found for GET /public/edificios
2026-01-20T09:13:47+01:00 - Exception: Route not found for GET /public/edificios
2026-01-20T09:13:53+01:00 - Exception: Route not found for GET /favicon.ico
2026-01-20T09:13:53+01:00 - Exception: Route not found for GET /public/edificios
2026-01-20T09:14:01+01:00 - Exception: Route not found for GET /favicon.ico
2026-01-20T09:14:01+01:00 - Exception: Route not found for GET /public/edificios
2026-01-20T09:14:08+01:00 - Exception: Route not found for GET /favicon.ico
2026-01-20T09:14:08+01:00 - Exception: Route not found for GET /public/edificios
2026-01-20T09:14:09+01:00 - Exception: Route not found for GET /public/edificios
2026-01-20T09:14:29+01:00 - Exception: Route not found for GET /favicon.ico
2026-01-20T09:14:29+01:00 - Exception: Route not found for GET /public/edificios
2026-01-20T09:14:29+01:00 - Exception: Route not found for GET /public/edificios
2026-01-20T09:14:29+01:00 - Exception: Route not found for GET /public/edificios
2026-01-20T09:20:28+01:00 - Exception: Route not found for GET /public/edificios
2026-01-20T09:20:34+01:00 - Exception: Route not found for GET /public/edificios
2026-01-20T09:20:34+01:00 - Exception: Route not found for GET /favicon.ico
2026-01-20T09:20:40+01:00 - Exception: Route not found for GET /favicon.ico
2026-01-20T09:20:40+01:00 - Exception: Route not found for GET /public/edificios
2026-01-20T09:20:41+01:00 - Exception: Route not found for GET /public/edificios
2026-01-20T09:20:41+01:00 - Exception: Route not found for GET /public/edificios
2026-01-20T09:20:41+01:00 - Exception: Route not found for GET /favicon.ico
2026-01-20T09:20:41+01:00 - Exception: Route not found for GET /public/edificios
2026-01-20T09:20:41+01:00 - Exception: Route not found for GET /public/edificios
2026-01-20T09:20:57+01:00 - Exception: Route not found for GET /favicon.ico
2026-01-20T09:24:58+01:00 - Exception: Route not found for GET /favicon.ico
2026-01-20T09:25:00+01:00 - Exception: Route not found for GET /favicon.ico
2026-01-20T09:25:06+01:00 - Exception: Route not found for GET /favicon.ico
2026-01-20T09:25:16+01:00 - Exception: Route not found for GET /favicon.ico
2026-01-20T09:29:25+01:00 - Exception: Route not found for GET /favicon.ico
2026-01-20T09:34:40+01:00 - Exception: Route not found for GET /favicon.ico
2026-01-20T09:41:05+01:00 - Exception: Route not found for GET /favicon.ico
2026-01-20T09:41:07+01:00 - Exception: Route not found for GET /favicon.ico
2026-01-20T09:43:17+01:00 - Exception: Route not found for GET /favicon.ico
2026-01-20T09:43:18+01:00 - Exception: Route not found for GET /favicon.ico
2026-01-20T09:43:41+01:00 - Exception: Route not found for GET /favicon.ico
2026-01-20T09:44:00+01:00 - Exception: Route not found for GET /favicon.ico
2026-01-20T09:44:16+01:00 - Exception: Route not found for GET /favicon.ico
2026-01-20T09:45:20+01:00 - Exception: Route not found for GET /favicon.ico
2026-01-20T09:45:21+01:00 - Exception: Route not found for GET /favicon.ico
2026-01-20T09:45:32+01:00 - Exception: Route not found for POST /logou
2026-01-20T09:50:41+01:00 - Exception: Route not found for GET /favicon.ico
2026-01-20T09:50:42+01:00 - Exception: Route not found for GET /favicon.ico
2026-01-20T09:52:50+01:00 - Exception: Route not found for GET /favicon.ico
2026-01-20T10:00:34+01:00 - Exception: Route not found for GET /favicon.ico
2026-01-20T10:01:16+01:00 - Exception: Route not found for GET /favicon.ico
2026-01-20T10:08:36+01:00 - Exception: Route not found for GET /favicon.ico
2026-01-20T10:09:51+01:00 - Exception: Route not found for GET /favicon.ico
2026-01-20T10:13:13+01:00 - Exception: Route not found for GET /favicon.ico
2026-01-20T10:13:16+01:00 - Exception: Route not found for GET /favicon.ico
2026-01-20T10:13:19+01:00 - Exception: Route not found for GET /favicon.ico
2026-01-20T10:13:27+01:00 - Exception: Route not found for GET /favicon.ico
2026-01-20T10:19:53+01:00 - Exception: Route not found for GET /favicon.ico
2026-01-20T10:21:30+01:00 - Exception: Route not found for GET /public/views/menu
2026-01-20T10:21:33+01:00 - Exception: Route not found for GET /favicon.ico
2026-01-20T10:24:06+01:00 - Exception: Route not found for GET /favicon.ico
2026-01-20T10:24:12+01:00 - Exception: Route not found for GET /favicon.ico
2026-01-20T10:25:56+01:00 - Exception: Route not found for GET /favicon.ico
2026-01-20T10:26:16+01:00 - Exception: Controllers\EdificioController::update(): Argument #3 ($args) must be of type array, string given
2026-01-20T10:26:20+01:00 - Exception: Controllers\EdificioController::update(): Argument #3 ($args) must be of type array, string given
2026-01-20T10:28:17+01:00 - Exception: Route not found for GET /favicon.ico
2026-01-20T10:29:07+01:00 - Exception: Route not found for GET /favicon.ico
2026-01-20T10:29:44+01:00 - Exception: Route not found for GET /favicon.ico
2026-01-20T11:03:58+01:00 - Exception: Route not found for GET /favicon.ico
2026-01-20T11:05:00+01:00 - Exception: Route not found for GET /favicon.ico
2026-01-20T11:05:11+01:00 - Exception: Route not found for GET /favicon.ico
2026-01-20T11:05:12+01:00 - Exception: Route not found for GET /favicon.ico
2026-01-20T11:05:12+01:00 - Exception: Route not found for GET /favicon.ico
2026-01-20T11:05:12+01:00 - Exception: Route not found for GET /favicon.ico
2026-01-20T11:05:14+01:00 - Exception: Route not found for GET /favicon.ico
2026-01-20T11:05:15+01:00 - Exception: Route not found for GET /favicon.ico
2026-01-20T11:05:52+01:00 - Exception: Route not found for GET /favicon.ico
2026-01-20T11:11:50+01:00 - Exception: Route not found for GET /WOLFBYTE/necesidadreserva
2026-01-20T11:13:18+01:00 - Exception: Route not found for GET /Wolfbyte/necesidad-reserva
2026-01-20T11:13:27+01:00 - Exception: Route not found for GET /Wolfbyte/necesidad-reserva
2026-01-20T11:14:34+01:00 - Exception: Route not found for GET /necesidad-reserva
2026-01-20T11:15:14+01:00 - Exception: Route not found for GET /necesidad-reserva
2026-01-20T11:15:28+01:00 - Exception: Route not found for GET /necesidad-reserva
2026-01-20T11:15:46+01:00 - Exception: Route not found for GET /necesidad-reserva
2026-01-20T11:15:52+01:00 - Exception: Route not found for GET /necesidad-reserva
2026-01-20T11:23:05+01:00 - Exception: Route not found for GET /necesidad-reserva
2026-01-20T11:24:47+01:00 - Exception: Route not found for GET /necesidad-reserva
2026-01-20T11:24:59+01:00 - Exception: Route not found for GET /favicon.ico
2026-01-20T11:25:01+01:00 - Exception: Route not found for GET /favicon.ico
2026-01-20T11:27:01+01:00 - Exception: Route not found for GET /favicon.ico
2026-01-20T11:27:16+01:00 - Exception: Route not found for GET /favicon.ico
2026-01-20T11:27:18+01:00 - Exception: Route not found for GET /favicon.ico
2026-01-20T11:29:32+01:00 - Exception: Route not found for GET /necesidad-reserva
2026-01-20T11:45:53+01:00 - Exception: Undefined variable $user
2026-01-20T11:47:34+01:00 - Exception: Route not found for GET /favicon.ico
2026-01-20T11:47:34+01:00 - Exception: Route not found for GET /favicon.ico
2026-01-20T11:49:38+01:00 - Exception: Route not found for GET /favicon.ico
2026-01-20T11:49:39+01:00 - Exception: Route not found for GET /favicon.ico
2026-01-20T11:53:08+01:00 - Exception: Call to undefined method Core\Request::query()
2026-01-20T11:53:25+01:00 - Exception: Call to undefined method Core\Request::query()
2026-01-20T11:59:12+01:00 - Exception: Route not found for POST /mis-reservas
2026-01-20T11:59:24+01:00 - Exception: Route not found for POST /mis-reservas
2026-01-20T11:59:26+01:00 - Exception: Route not found for POST /mis-reservas
2026-01-20T11:59:33+01:00 - Exception: Controller not found: Controllers\ReservaController
2026-01-20T12:00:29+01:00 - Exception: Route not found for GET /login
2026-01-20T12:01:22+01:00 - Exception: Route not found for GET /favicon.ico
2026-01-20T12:01:39+01:00 - Exception: Route not found for GET /public/assets/js/misReservas.js
2026-01-20T12:02:14+01:00 - Exception: Route not found for GET /public/assets/js/misReservas.js
2026-01-20T12:02:18+01:00 - Exception: Route not found for GET /public/assets/js/misReservas.js
2026-01-20T12:02:18+01:00 - Exception: Route not found for GET /public/assets/js/misReservas.js
2026-01-20T12:02:26+01:00 - Exception: Route not found for GET /public/assets/js/misReservas.js
2026-01-20T12:02:26+01:00 - Exception: Route not found for GET /public/assets/js/misReservas.js
2026-01-20T12:02:30+01:00 - Exception: Route not found for GET /public/assets/js/misReservas.js
2026-01-20T12:02:30+01:00 - Exception: Route not found for GET /public/assets/js/misReservas.js
2026-01-20T12:02:46+01:00 - Exception: Route not found for GET /necesidad-reserva
2026-01-20T12:02:56+01:00 - Exception: Route not found for GET /favicon.ico
2026-01-20T12:03:39+01:00 - Exception: Route not found for GET /public/assets/js/misReservas.js
2026-01-20T12:03:39+01:00 - Exception: Route not found for GET /public/assets/js/misReservas.js
2026-01-20T12:03:54+01:00 - Exception: Route not found for GET /public/assets/js/misReservas.js
2026-01-20T12:03:54+01:00 - Exception: Route not found for GET /public/assets/js/misReservas.js
2026-01-20T12:03:54+01:00 - Exception: Route not found for GET /favicon.ico
2026-01-20T12:03:55+01:00 - Exception: Route not found for GET /public/assets/js/misReservas.js
2026-01-20T12:03:55+01:00 - Exception: Route not found for GET /public/assets/js/misReservas.js
2026-01-20T12:03:59+01:00 - Exception: Route not found for GET /public/assets/js/misReservas.js
2026-01-20T12:04:00+01:00 - Exception: Route not found for GET /public/assets/js/misReservas.js
2026-01-20T12:04:00+01:00 - Exception: Route not found for GET /public/assets/js/misReservas.js
2026-01-20T12:04:04+01:00 - Exception: Route not found for GET /public/assets/js/misReservas.js
2026-01-20T12:04:04+01:00 - Exception: Route not found for GET /public/assets/js/misReservas.js
2026-01-20T12:04:36+01:00 - Exception: Route not found for GET /necesidad-reserva
2026-01-20T12:06:34+01:00 - Exception: Route not found for GET /public/assets/js/misReservas.js
2026-01-20T12:06:34+01:00 - Exception: Route not found for GET /public/assets/js/misReservas.js
2026-01-20T12:06:34+01:00 - Exception: Route not found for GET /favicon.ico
2026-01-20T12:15:34+01:00 - Exception: Route not found for GET /favicon.ico
2026-01-20T12:15:34+01:00 - Exception: Route not found for GET /mis-reservas
2026-01-20T12:19:39+01:00 - Exception: Route not found for GET /favicon.ico
2026-01-20T12:19:39+01:00 - Exception: Route not found for GET /mis-reservas
2026-01-20T12:19:46+01:00 - Exception: Route not found for GET /mis-reservas
2026-01-20T12:19:46+01:00 - Exception: Route not found for GET /mis-reservas
2026-01-20T12:19:46+01:00 - Exception: Route not found for GET /mis-reservas
2026-01-20T12:19:47+01:00 - Exception: Route not found for GET /mis-reservas
2026-01-20T12:20:01+01:00 - Exception: Route not found for GET /mis-reservas
2026-01-20T12:24:02+01:00 - Exception: Route not found for GET /favicon.ico
2026-01-20T12:24:05+01:00 - Exception: Route not found for GET /favicon.ico
2026-01-20T12:24:14+01:00 - Exception: Route not found for GET /favicon.ico
2026-01-20T12:24:17+01:00 - Exception: Route not found for GET /favicon.ico
2026-01-20T12:25:35+01:00 - Exception: Route not found for GET /favicon.ico
2026-01-20T12:25:46+01:00 - Exception: Route not found for GET /favicon.ico
2026-01-20T12:25:47+01:00 - Exception: Route not found for GET /favicon.ico
2026-01-20T12:25:48+01:00 - Exception: Route not found for GET /favicon.ico
2026-01-20T12:26:53+01:00 - Exception: Route not found for GET /favicon.ico
2026-01-20T12:26:59+01:00 - Exception: Route not found for GET /favicon.ico
2026-01-20T12:27:10+01:00 - Exception: Route not found for GET /favicon.ico
2026-01-20T12:29:26+01:00 - Exception: Route not found for GET /favicon.ico
2026-01-20T12:32:01+01:00 - Exception: Route not found for GET /favicon.ico
2026-01-20T12:32:54+01:00 - Exception: Route not found for GET /favicon.ico
2026-01-20T12:32:57+01:00 - Exception: Route not found for GET /favicon.ico
2026-01-20T12:36:02+01:00 - Exception: Route not found for GET /favicon.ico
2026-01-20T12:37:11+01:00 - Exception: Route not found for GET /favicon.ico
2026-01-20T12:38:10+01:00 - Exception: Route not found for GET /favicon.ico
2026-01-20T12:38:12+01:00 - Exception: Route not found for GET /favicon.ico
2026-01-20T12:38:38+01:00 - Exception: Route not found for GET /favicon.ico
2026-01-20T12:38:39+01:00 - Exception: Route not found for GET /necesidad-reserva
2026-01-20T12:38:45+01:00 - Exception: Route not found for GET /necesidad-reserva
2026-01-20T12:38:57+01:00 - Exception: Route not found for GET /necesidad-reserva
2026-01-20T12:39:25+01:00 - Exception: Route not found for GET /phpmyadmin
2026-01-20T12:40:13+01:00 - Exception: Route not found for GET /favicon.ico
2026-01-20T13:14:53+01:00 - Exception: Route not found for GET /favicon.ico
2026-01-20T13:21:37+01:00 - Exception: Route not found for GET /favicon.ico
2026-01-20T13:21:53+01:00 - Exception: Route not found for GET /mis-reservas
2026-01-20T13:21:55+01:00 - Exception: Route not found for GET /favicon.ico
2026-01-20T13:21:55+01:00 - Exception: Route not found for GET /mis-reservas
2026-01-20T13:21:55+01:00 - Exception: Route not found for GET /mis-reservas
2026-01-20T13:25:22+01:00 - Exception: Route not found for GET /favicon.ico
2026-01-20T13:25:26+01:00 - Exception: Route not found for GET /favicon.ico
2026-01-20T13:25:45+01:00 - Exception: Route not found for GET /favicon.ico
2026-01-20T13:26:54+01:00 - Exception: Route not found for GET /favicon.ico
2026-01-20T13:27:26+01:00 - Exception: Route not found for GET /favicon.ico
2026-01-20T13:27:26+01:00 - Exception: Route not found for GET /favicon.ico
2026-01-20T13:27:27+01:00 - Exception: Route not found for GET /favicon.ico
2026-01-20T13:28:17+01:00 - Exception: Route not found for GET /favicon.ico
2026-01-20T13:28:23+01:00 - Exception: Route not found for GET /favicon.ico
2026-01-20T13:28:45+01:00 - Exception: Route not found for GET /favicon.ico
2026-01-20T13:29:04+01:00 - Exception: Route not found for GET /favicon.ico
2026-01-20T13:29:07+01:00 - Exception: Route not found for GET /favicon.ico
2026-01-20T13:30:41+01:00 - Exception: Route not found for GET /favicon.ico
2026-01-20T13:30:42+01:00 - Exception: Route not found for GET /favicon.ico
2026-01-20T13:30:43+01:00 - Exception: Route not found for GET /favicon.ico
2026-01-20T13:32:36+01:00 - Exception: Route not found for GET /favicon.ico
2026-01-20T13:33:40+01:00 - Exception: Route not found for GET /favicon.ico
2026-01-20T13:33:58+01:00 - Exception: Route not found for GET /favicon.ico
2026-01-20T13:34:12+01:00 - Exception: Route not found for GET /favicon.ico
2026-01-20T13:34:48+01:00 - Exception: Route not found for GET /favicon.ico
2026-01-20T13:36:19+01:00 - Exception: Route not found for GET /favicon.ico
2026-01-20T13:36:36+01:00 - Exception: Route not found for GET /favicon.ico
2026-01-20T13:36:37+01:00 - Exception: Route not found for GET /favicon.ico
2026-01-20T13:36:47+01:00 - Exception: Route not found for GET /favicon.ico
2026-01-20T13:38:55+01:00 - Exception: Route not found for GET /favicon.ico
2026-01-20T13:40:25+01:00 - Exception: Route not found for GET /favicon.ico
2026-01-20T13:40:30+01:00 - Exception: Route not found for GET /favicon.ico
2026-01-20T13:40:42+01:00 - Exception: Route not found for GET /favicon.ico
2026-01-20T13:40:43+01:00 - Exception: Route not found for GET /favicon.ico
2026-01-20T13:42:44+01:00 - Exception: Route not found for GET /favicon.ico
2026-01-20T13:42:51+01:00 - Exception: Route not found for GET /favicon.ico
2026-01-20T13:42:52+01:00 - Exception: Route not found for GET /favicon.ico
2026-01-20T13:44:53+01:00 - Exception: Route not found for GET /favicon.ico
2026-01-20T13:47:50+01:00 - Exception: Route not found for GET /favicon.ico
2026-01-20T13:52:59+01:00 - Exception: Route not found for GET /favicon.ico
2026-01-20T13:55:30+01:00 - Exception: Route not found for GET /favicon.ico
2026-01-20T13:56:15+01:00 - Exception: Route not found for GET /favicon.ico
2026-01-20T13:56:16+01:00 - Exception: Route not found for GET /favicon.ico
2026-01-20T13:57:08+01:00 - Exception: Route not found for GET /favicon.ico
2026-01-20T13:57:10+01:00 - Exception: Route not found for GET /favicon.ico
2026-01-20T13:57:40+01:00 - Exception: Route not found for GET /favicon.ico
2026-01-20T13:59:09+01:00 - Exception: Route not found for GET /favicon.ico
2026-01-20T14:00:30+01:00 - Exception: Route not found for GET /favicon.ico
2026-01-23T10:11:29+01:00 - Exception: Route not found for GET /
2026-01-23T11:42:24+01:00 - Exception: Undefined array key "password"
2026-01-23T11:43:33+01:00 - Exception: Undefined array key "password"
2026-01-23T11:45:15+01:00 - Exception: Route not found for GET /login
2026-01-23T11:45:18+01:00 - Exception: Undefined array key "password"
2026-01-23T11:47:14+01:00 - Exception: Undefined array key "password"
2026-01-23T11:47:49+01:00 - Exception: Unclosed '{' on line 13
2026-01-23T11:48:01+01:00 - Exception: Undefined array key "password"
2026-01-23T11:50:05+01:00 - Exception: Undefined array key "password"
2026-01-23T11:51:53+01:00 - Exception: Undefined array key "password"
2026-01-23T11:51:54+01:00 - Exception: Undefined array key "password"
2026-01-23T11:55:01+01:00 - Exception: Class "Firebase\JWT\JWT" not found
2026-01-23T11:55:58+01:00 - Exception: Provided key is too short
2026-01-23T11:56:20+01:00 - Exception: Provided key is too short
2026-01-23T11:56:22+01:00 - Exception: Provided key is too short
